app/build/outputs/logs/manifest-merger-debug-report.txt
-- Merging decision tree log ---
manifest
ADDED from src/main/AndroidManifest.xml:2:1-27:12
	xmlns:android
		ADDED from src/main/AndroidManifest.xml:2:11-69
	package
		ADDED from src/main/AndroidManifest.xml:3:5-46
		INJECTED from src/main/AndroidManifest.xml
		INJECTED from src/main/AndroidManifest.xml
	android:versionName
		INJECTED from src/main/AndroidManifest.xml
		INJECTED from src/main/AndroidManifest.xml
	android:versionCode
		INJECTED from src/main/AndroidManifest.xml
		INJECTED from src/main/AndroidManifest.xml
uses-permission#android.permission.INTERNET
ADDED from src/main/AndroidManifest.xml:5:5-67
	android:name
		ADDED from src/main/AndroidManifest.xml:5:22-64
uses-permission#android.permission.ACCESS_FINE_LOCATION
ADDED from src/main/AndroidManifest.xml:6:5-79
	android:name
		ADDED from src/main/AndroidManifest.xml:6:22-76
application
ADDED from src/main/AndroidManifest.xml:8:5-25:19
MERGED from [com.android.support:appcompat-v7:23.2.0] AndroidManifest.xml:25:5-20
MERGED from [com.android.support:support-v4:23.2.0] AndroidManifest.xml:22:5-20
MERGED from [com.android.support:animated-vector-drawable:23.2.0] AndroidManifest.xml:7:5-20
MERGED from [com.android.support:support-vector-drawable:23.2.0] AndroidManifest.xml:7:5-20
MERGED from [com.android.support:support-v4:23.2.0] AndroidManifest.xml:22:5-20
MERGED from [com.android.support:support-vector-drawable:23.2.0] AndroidManifest.xml:7:5-20
MERGED from [com.android.support:support-v4:23.2.0] AndroidManifest.xml:22:5-20
MERGED from [com.android.support:design:23.1.1] AndroidManifest.xml:22:5-20
MERGED from [com.android.support:appcompat-v7:23.2.0] AndroidManifest.xml:25:5-20
MERGED from [com.android.support:support-v4:23.2.0] AndroidManifest.xml:22:5-20
MERGED from [com.android.support:animated-vector-drawable:23.2.0] AndroidManifest.xml:7:5-20
MERGED from [com.android.support:support-vector-drawable:23.2.0] AndroidManifest.xml:7:5-20
MERGED from [com.android.support:support-v4:23.2.0] AndroidManifest.xml:22:5-20
MERGED from [com.android.support:support-vector-drawable:23.2.0] AndroidManifest.xml:7:5-20
MERGED from [com.android.support:support-v4:23.2.0] AndroidManifest.xml:22:5-20
MERGED from [com.android.support:support-v4:23.2.0] AndroidManifest.xml:22:5-20
MERGED from [com.android.support:support-v4:23.2.0] AndroidManifest.xml:22:5-20
	android:supportsRtl
		ADDED from src/main/AndroidManifest.xml:12:9-35
	android:label
		ADDED from src/main/AndroidManifest.xml:11:9-41
	android:allowBackup
		ADDED from src/main/AndroidManifest.xml:9:9-35
	android:icon
		ADDED from src/main/AndroidManifest.xml:10:9-43
	android:theme
		ADDED from src/main/AndroidManifest.xml:13:9-40
activity#com.example.anjanagupta.happen2.MainActivity
ADDED from src/main/AndroidManifest.xml:14:9-20:20
	android:name
		ADDED from src/main/AndroidManifest.xml:14:19-47
intent-filter#android.intent.action.MAIN+android.intent.category.LAUNCHER
ADDED from src/main/AndroidManifest.xml:15:13-19:29
action#android.intent.action.MAIN
ADDED from src/main/AndroidManifest.xml:16:17-69
	android:name
		ADDED from src/main/AndroidManifest.xml:16:25-66
category#android.intent.category.LAUNCHER
ADDED from src/main/AndroidManifest.xml:18:17-77
	android:name
		ADDED from src/main/AndroidManifest.xml:18:27-74
activity#com.example.anjanagupta.happen2.SignUpActivity
ADDED from src/main/AndroidManifest.xml:21:9-52
	android:name
		ADDED from src/main/AndroidManifest.xml:21:19-49
activity#com.example.anjanagupta.happen2.OptionActivity
ADDED from src/main/AndroidManifest.xml:22:9-52
	android:name
		ADDED from src/main/AndroidManifest.xml:22:19-49
activity#com.example.anjanagupta.happen2.ChatActivity
ADDED from src/main/AndroidManifest.xml:23:9-50
	android:name
		ADDED from src/main/AndroidManifest.xml:23:19-47
activity#com.example.anjanagupta.happen2.HangoutActivity
ADDED from src/main/AndroidManifest.xml:24:9-62
	android:name
		ADDED from src/main/AndroidManifest.xml:24:19-50
uses-sdk
INJECTED from src/main/AndroidManifest.xml reason: use-sdk injection requested
MERGED from [com.android.support:appcompat-v7:23.2.0] AndroidManifest.xml:21:5-23:78
MERGED from [com.android.support:support-v4:23.2.0] AndroidManifest.xml:20:5-43
MERGED from [com.android.support:animated-vector-drawable:23.2.0] AndroidManifest.xml:5:5-44
MERGED from [com.android.support:support-vector-drawable:23.2.0] AndroidManifest.xml:5:5-43
MERGED from [com.android.support:support-v4:23.2.0] AndroidManifest.xml:20:5-43
MERGED from [com.android.support:support-vector-drawable:23.2.0] AndroidManifest.xml:5:5-43
MERGED from [com.android.support:support-v4:23.2.0] AndroidManifest.xml:20:5-43
MERGED from [com.android.support:design:23.1.1] AndroidManifest.xml:20:5-43
MERGED from [com.android.support:appcompat-v7:23.2.0] AndroidManifest.xml:21:5-23:78
MERGED from [com.android.support:support-v4:23.2.0] AndroidManifest.xml:20:5-43
MERGED from [com.android.support:animated-vector-drawable:23.2.0] AndroidManifest.xml:5:5-44
MERGED from [com.android.support:support-vector-drawable:23.2.0] AndroidManifest.xml:5:5-43
MERGED from [com.android.support:support-v4:23.2.0] AndroidManifest.xml:20:5-43
MERGED from [com.android.support:support-vector-drawable:23.2.0] AndroidManifest.xml:5:5-43
MERGED from [com.android.support:support-v4:23.2.0] AndroidManifest.xml:20:5-43
MERGED from [com.android.support:recyclerview-v7:23.1.1] AndroidManifest.xml:20:5-43
MERGED from [com.android.support:support-v4:23.2.0] AndroidManifest.xml:20:5-43
MERGED from [com.android.support:support-v4:23.2.0] AndroidManifest.xml:20:5-43
	android:targetSdkVersion
		INJECTED from src/main/AndroidManifest.xml
		INJECTED from src/main/AndroidManifest.xml
	android:minSdkVersion
		INJECTED from src/main/AndroidManifest.xml
		INJECTED from src/main/AndroidManifest.xml
	tools:overrideLibrary
		ADDED from [com.android.support:appcompat-v7:23.2.0] AndroidManifest.xml:23:9-75